nov. 29, 2020 5:59:07 A. M. com.tamargo.datos.GuardarLogs escribirLog
FINE: Prueba
nov. 29, 2020 5:59:28 A. M. com.tamargo.datos.GuardarLogs escribirLog
FINE: Prueba
nov. 29, 2020 5:59:42 A. M. com.tamargo.datos.GuardarLogs escribirLog
FINE: Prueba
nov. 29, 2020 6:03:38 A. M. com.tamargo.datos.GuardarLogs escribirLog
FINE: Este es un log de prueba
nov. 29, 2020 6:04:18 A. M. Main pruebaLog
FINE: Este es un log de prueba
nov. 29, 2020 6:07:03 A. M. com.tamargo.Main pruebaLog
FINE: Este es un log de prueba
nov. 29, 2020 6:09:06 A. M. com.tamargo.Main pruebaLog
FINE: Este es un log de prueba
nov. 29, 2020 6:09:19 A. M. com.tamargo.Main pruebaLogg
FINE: Este es un log de prueba
nov. 29, 2020 12:20:45 P. M. com.tamargo.Main pruebaLog
FINE: Prueba de log
nov. 29, 2020 12:21:16 P. M. com.tamargo.Main pruebaLog
FINE: Prueba de log
nov. 29, 2020 12:21:16 P. M. com.tamargo.Main pruebaLog
FINE: Prueba de log
nov. 29, 2020 12:21:16 P. M. com.tamargo.Main pruebaLog
FINE: Prueba de log
nov. 29, 2020 12:21:16 P. M. com.tamargo.Main pruebaLog
FINE: Prueba de log
nov. 29, 2020 12:21:16 P. M. com.tamargo.Main pruebaLog
FINE: Prueba de log
nov. 29, 2020 12:21:16 P. M. com.tamargo.Main pruebaLog
FINE: Prueba de log
nov. 29, 2020 1:56:46 P. M. com.tamargo.jaas.modelo.PasswordLoginModule login
WARNING: Intento de inicio de sesión fallido. Contraseña incorrecta.
nov. 29, 2020 1:57:00 P. M. com.tamargo.jaas.modelo.PasswordLoginModule login
WARNING: Intento de inicio de sesión fallido. Contraseña incorrecta.
nov. 29, 2020 1:58:59 P. M. com.tamargo.jaas.modelo.PasswordLoginModule login
FINE: Nuevo usuario registrado en la base de datos: daniel
