dic. 03, 2020 1:44:45 A. M. com.tamargo.jaas.modelo.PasswordLoginModule login
FINE: Inicio de sesión exitoso
dic. 03, 2020 1:44:52 A. M. com.tamargo.servicio.HiloServidor run
FINE: Comenzando una nueva partida con el usuario dani
dic. 03, 2020 1:45:46 A. M. com.tamargo.jaas.modelo.PasswordLoginModule login
FINE: Inicio de sesión exitoso
dic. 03, 2020 1:45:49 A. M. com.tamargo.servicio.HiloServidor run
FINE: Comenzando una nueva partida con el usuario dani
dic. 03, 2020 1:46:57 A. M. com.tamargo.servicio.HiloServidor run
FINE: Comenzando una nueva partida con el usuario dani
dic. 03, 2020 1:47:02 A. M. com.tamargo.servicio.HiloServidor run
FINE: Comenzando una nueva partida con el usuario dani
dic. 03, 2020 1:47:05 A. M. com.tamargo.servicio.HiloServidor run
FINE: Comenzando una nueva partida con el usuario dani
dic. 03, 2020 1:47:29 A. M. com.tamargo.servicio.HiloServidor run
INFO: El cliente se ha desconectado o ha rechazado la conexión. Error: Connection reset
dic. 03, 2020 1:47:42 A. M. com.tamargo.jaas.modelo.PasswordLoginModule login
FINE: Inicio de sesión exitoso
dic. 03, 2020 1:47:46 A. M. com.tamargo.jaas.modelo.PasswordLoginModule login
FINE: Inicio de sesión exitoso
dic. 03, 2020 4:01:06 P. M. com.tamargo.jaas.modelo.PasswordLoginModule login
FINE: Inicio de sesión exitoso
dic. 03, 2020 4:01:08 P. M. com.tamargo.servicio.HiloServidor run
FINE: Comenzando una nueva partida con el usuario dani
dic. 03, 2020 4:01:40 P. M. com.tamargo.servicio.HiloServidor run
FINE: Comenzando una nueva partida con el usuario dani
dic. 03, 2020 4:02:37 P. M. com.tamargo.servicio.HiloServidor run
INFO: El cliente se ha desconectado o ha rechazado la conexión. Error: Connection reset
