nov. 30, 2020 11:05:44 A. M. com.tamargo.servicio.Servidor lanzarServidor
SEVERE: Error al inicializar el servidor. Error: java.security.NoSuchAlgorithmException: Error constructing implementation (algorithm: Default, provider: SunJSSE, class: sun.security.ssl.SSLContextImpl$DefaultSSLContext)
nov. 30, 2020 11:06:05 A. M. com.tamargo.servicio.Servidor lanzarServidor
SEVERE: Error al inicializar el servidor. Error: java.security.NoSuchAlgorithmException: Error constructing implementation (algorithm: Default, provider: SunJSSE, class: sun.security.ssl.SSLContextImpl$DefaultSSLContext)
nov. 30, 2020 11:52:18 A. M. com.tamargo.servicio.Cliente main
SEVERE: Error con el servicio del cliente. Error: Connection reset
nov. 30, 2020 11:52:32 A. M. com.tamargo.servicio.Cliente main
SEVERE: Error con el servicio del cliente. Error: Connection reset
nov. 30, 2020 12:51:58 P. M. com.tamargo.servicio.HiloServidor run
INFO: El cliente se ha desconectado o ha rechazado la conexión. Error: Connection reset
nov. 30, 2020 12:54:58 P. M. com.tamargo.servicio.HiloServidor run
INFO: El cliente se ha desconectado o ha rechazado la conexión. Error: Connection reset
nov. 30, 2020 12:56:14 P. M. com.tamargo.servicio.HiloServidor run
INFO: El cliente se ha desconectado o ha rechazado la conexión. Error: Connection reset
nov. 30, 2020 12:56:28 P. M. com.tamargo.servicio.HiloServidor run
INFO: El cliente se ha desconectado o ha rechazado la conexión. Error: Connection reset
nov. 30, 2020 12:57:55 P. M. com.tamargo.servicio.HiloServidor run
INFO: El cliente se ha desconectado o ha rechazado la conexión. Error: Connection reset
nov. 30, 2020 1:10:14 P. M. com.tamargo.servicio.HiloServidor run
INFO: El cliente se ha desconectado o ha rechazado la conexión. Error: Connection reset
nov. 30, 2020 1:15:11 P. M. com.tamargo.ventanas.Cliente <init>
SEVERE: Error con el servicio del cliente. Error: Connection refused: connect
nov. 30, 2020 1:16:29 P. M. com.tamargo.ventanas.Cliente <init>
SEVERE: Error con el servicio del cliente. Error: Connection refused: connect
nov. 30, 2020 1:19:24 P. M. com.tamargo.ventanas.Cliente <init>
SEVERE: Error con el servicio del cliente. Error: Connection refused: connect
nov. 30, 2020 1:27:23 P. M. com.tamargo.ventanas.Cliente <init>
SEVERE: Error con el servicio del cliente. Error: Connection refused: connect
nov. 30, 2020 1:27:46 P. M. com.tamargo.ventanas.Cliente <init>
SEVERE: Error con el servicio del cliente. Error: Connection refused: connect
nov. 30, 2020 1:28:09 P. M. com.tamargo.ventanas.Cliente <init>
SEVERE: Error con el servicio del cliente. Error: Connection refused: connect
nov. 30, 2020 1:28:28 P. M. com.tamargo.ventanas.Cliente <init>
SEVERE: Error con el servicio del cliente. Error: Connection refused: connect
nov. 30, 2020 2:47:08 P. M. com.tamargo.servicio.HiloServidor run
INFO: El cliente se ha desconectado o ha rechazado la conexión. Error: Connection reset
nov. 30, 2020 2:47:49 P. M. com.tamargo.servicio.HiloServidor run
INFO: El cliente se ha desconectado o ha rechazado la conexión. Error: Connection reset
nov. 30, 2020 2:48:21 P. M. com.tamargo.servicio.HiloServidor run
INFO: El cliente se ha desconectado o ha rechazado la conexión. Error: Connection reset
nov. 30, 2020 2:48:28 P. M. com.tamargo.servicio.HiloServidor run
INFO: El cliente se ha desconectado o ha rechazado la conexión. Error: Connection reset
nov. 30, 2020 2:54:43 P. M. com.tamargo.servicio.HiloServidor run
INFO: El cliente se ha desconectado o ha rechazado la conexión. Error: Connection reset
nov. 30, 2020 2:55:26 P. M. com.tamargo.servicio.HiloServidor run
INFO: El cliente se ha desconectado o ha rechazado la conexión. Error: Connection reset
nov. 30, 2020 2:55:39 P. M. com.tamargo.servicio.HiloServidor run
INFO: El cliente se ha desconectado o ha rechazado la conexión. Error: Connection reset
nov. 30, 2020 2:55:51 P. M. com.tamargo.servicio.HiloServidor run
INFO: El cliente se ha desconectado o ha rechazado la conexión. Error: Connection reset
nov. 30, 2020 3:00:21 P. M. com.tamargo.servicio.HiloServidor run
INFO: El cliente se ha desconectado o ha rechazado la conexión. Error: Connection reset
nov. 30, 2020 3:04:02 P. M. com.tamargo.servicio.HiloServidor run
INFO: El cliente se ha desconectado o ha rechazado la conexión. Error: Connection reset
nov. 30, 2020 3:04:26 P. M. com.tamargo.servicio.HiloServidor run
INFO: El cliente se ha desconectado o ha rechazado la conexión. Error: Connection reset
nov. 30, 2020 3:05:23 P. M. com.tamargo.servicio.HiloServidor run
INFO: El cliente se ha desconectado o ha rechazado la conexión. Error: Connection reset
nov. 30, 2020 3:05:53 P. M. com.tamargo.servicio.HiloServidor run
INFO: El cliente se ha desconectado o ha rechazado la conexión. Error: Connection reset
nov. 30, 2020 3:08:33 P. M. com.tamargo.servicio.HiloServidor run
INFO: El cliente se ha desconectado o ha rechazado la conexión. Error: Connection reset
nov. 30, 2020 3:08:42 P. M. com.tamargo.servicio.HiloServidor run
INFO: El cliente se ha desconectado o ha rechazado la conexión. Error: Connection reset
nov. 30, 2020 3:10:07 P. M. com.tamargo.servicio.HiloServidor run
INFO: El cliente se ha desconectado o ha rechazado la conexión. Error: Connection reset
nov. 30, 2020 3:10:14 P. M. com.tamargo.servicio.HiloServidor run
INFO: El cliente se ha desconectado o ha rechazado la conexión. Error: Connection reset
nov. 30, 2020 3:12:55 P. M. com.tamargo.servicio.HiloServidor run
INFO: El cliente se ha desconectado o ha rechazado la conexión. Error: Connection reset
nov. 30, 2020 3:14:21 P. M. com.tamargo.servicio.HiloServidor run
INFO: El cliente se ha desconectado o ha rechazado la conexión. Error: Connection reset
nov. 30, 2020 3:15:25 P. M. com.tamargo.servicio.HiloServidor run
INFO: El cliente se ha desconectado o ha rechazado la conexión. Error: Connection reset
nov. 30, 2020 3:15:55 P. M. com.tamargo.servicio.HiloServidor run
INFO: El cliente se ha desconectado o ha rechazado la conexión. Error: Connection reset
nov. 30, 2020 3:16:06 P. M. com.tamargo.servicio.HiloServidor run
INFO: El cliente se ha desconectado o ha rechazado la conexión. Error: Connection reset
nov. 30, 2020 3:16:15 P. M. com.tamargo.servicio.HiloServidor run
INFO: El cliente se ha desconectado o ha rechazado la conexión. Error: Connection reset
nov. 30, 2020 3:16:21 P. M. com.tamargo.servicio.HiloServidor run
INFO: El cliente se ha desconectado o ha rechazado la conexión. Error: Connection reset
nov. 30, 2020 3:16:58 P. M. com.tamargo.servicio.HiloServidor run
INFO: El cliente se ha desconectado o ha rechazado la conexión. Error: Connection reset
nov. 30, 2020 3:21:09 P. M. com.tamargo.servicio.HiloServidor run
INFO: El cliente se ha desconectado o ha rechazado la conexión. Error: Connection reset
nov. 30, 2020 3:21:20 P. M. com.tamargo.servicio.HiloServidor run
INFO: El cliente se ha desconectado o ha rechazado la conexión. Error: Connection reset
nov. 30, 2020 3:21:43 P. M. com.tamargo.servicio.HiloServidor run
INFO: El cliente se ha desconectado o ha rechazado la conexión. Error: Connection reset
nov. 30, 2020 3:22:15 P. M. com.tamargo.servicio.HiloServidor run
INFO: El cliente se ha desconectado o ha rechazado la conexión. Error: Connection reset
nov. 30, 2020 3:22:58 P. M. com.tamargo.servicio.HiloServidor run
INFO: El cliente se ha desconectado o ha rechazado la conexión. Error: Connection reset
nov. 30, 2020 3:23:07 P. M. com.tamargo.servicio.HiloServidor run
INFO: El cliente se ha desconectado o ha rechazado la conexión. Error: Connection reset
nov. 30, 2020 3:43:06 P. M. com.tamargo.servicio.HiloServidor run
INFO: El cliente se ha desconectado o ha rechazado la conexión. Error: Connection reset
nov. 30, 2020 3:54:36 P. M. com.tamargo.servicio.HiloServidor run
INFO: El cliente se ha desconectado o ha rechazado la conexión. Error: Connection reset
nov. 30, 2020 3:55:10 P. M. com.tamargo.servicio.HiloServidor run
INFO: El cliente se ha desconectado o ha rechazado la conexión. Error: Connection reset
nov. 30, 2020 3:55:57 P. M. com.tamargo.servicio.HiloServidor run
INFO: El cliente se ha desconectado o ha rechazado la conexión. Error: Connection reset
nov. 30, 2020 3:56:33 P. M. com.tamargo.servicio.HiloServidor run
INFO: El cliente se ha desconectado o ha rechazado la conexión. Error: Connection reset
nov. 30, 2020 3:57:39 P. M. com.tamargo.servicio.HiloServidor run
INFO: El cliente se ha desconectado o ha rechazado la conexión. Error: Connection reset
nov. 30, 2020 3:57:53 P. M. com.tamargo.servicio.HiloServidor run
INFO: El cliente se ha desconectado o ha rechazado la conexión. Error: Connection reset
nov. 30, 2020 3:59:20 P. M. com.tamargo.servicio.HiloServidor run
INFO: El cliente se ha desconectado o ha rechazado la conexión. Error: Connection reset
nov. 30, 2020 4:00:43 P. M. com.tamargo.servicio.HiloServidor run
INFO: El cliente se ha desconectado o ha rechazado la conexión. Error: Connection reset
nov. 30, 2020 4:00:52 P. M. com.tamargo.servicio.HiloServidor run
INFO: El cliente se ha desconectado o ha rechazado la conexión. Error: Connection reset
nov. 30, 2020 4:01:13 P. M. com.tamargo.servicio.HiloServidor run
INFO: El cliente se ha desconectado o ha rechazado la conexión. Error: Connection reset
nov. 30, 2020 4:03:46 P. M. com.tamargo.servicio.HiloServidor run
INFO: El cliente se ha desconectado o ha rechazado la conexión. Error: Connection reset
nov. 30, 2020 4:06:19 P. M. com.tamargo.servicio.HiloServidor run
INFO: El cliente se ha desconectado o ha rechazado la conexión. Error: Connection reset
nov. 30, 2020 4:09:17 P. M. com.tamargo.servicio.HiloServidor run
INFO: El cliente se ha desconectado o ha rechazado la conexión. Error: Connection reset
nov. 30, 2020 4:13:43 P. M. com.tamargo.servicio.HiloServidor run
INFO: El cliente se ha desconectado o ha rechazado la conexión. Error: Connection reset
nov. 30, 2020 4:17:12 P. M. com.tamargo.servicio.HiloServidor run
INFO: El cliente se ha desconectado o ha rechazado la conexión. Error: Connection reset
nov. 30, 2020 4:18:40 P. M. com.tamargo.servicio.HiloServidor run
INFO: El cliente se ha desconectado o ha rechazado la conexión. Error: Connection reset
nov. 30, 2020 4:18:47 P. M. com.tamargo.servicio.HiloServidor run
INFO: El cliente se ha desconectado o ha rechazado la conexión. Error: Connection reset
nov. 30, 2020 4:18:56 P. M. com.tamargo.servicio.HiloServidor run
INFO: El cliente se ha desconectado o ha rechazado la conexión. Error: Connection reset
nov. 30, 2020 4:19:06 P. M. com.tamargo.servicio.HiloServidor run
INFO: El cliente se ha desconectado o ha rechazado la conexión. Error: Connection reset
nov. 30, 2020 4:19:55 P. M. com.tamargo.servicio.HiloServidor run
INFO: El cliente se ha desconectado o ha rechazado la conexión. Error: Connection reset
nov. 30, 2020 4:42:50 P. M. com.tamargo.servicio.HiloServidor run
INFO: El cliente se ha desconectado o ha rechazado la conexión. Error: Connection reset
nov. 30, 2020 4:45:45 P. M. com.tamargo.ventanas.Cliente <init>
SEVERE: Error con el servicio del cliente. Error: Connection refused: connect
nov. 30, 2020 4:46:13 P. M. com.tamargo.servicio.HiloServidor run
INFO: El cliente se ha desconectado o ha rechazado la conexión. Error: Connection reset
nov. 30, 2020 4:47:20 P. M. com.tamargo.servicio.HiloServidor run
INFO: El cliente se ha desconectado o ha rechazado la conexión. Error: Connection reset
nov. 30, 2020 4:49:41 P. M. com.tamargo.servicio.HiloServidor run
INFO: El cliente se ha desconectado o ha rechazado la conexión. Error: Connection reset
nov. 30, 2020 4:51:50 P. M. com.tamargo.servicio.HiloServidor run
INFO: El cliente se ha desconectado o ha rechazado la conexión. Error: Connection reset
nov. 30, 2020 4:52:40 P. M. com.tamargo.servicio.HiloServidor run
INFO: El cliente se ha desconectado o ha rechazado la conexión. Error: Connection reset
nov. 30, 2020 4:54:26 P. M. com.tamargo.servicio.HiloServidor run
INFO: El cliente se ha desconectado o ha rechazado la conexión. Error: Connection reset
nov. 30, 2020 4:58:10 P. M. com.tamargo.jaas.modelo.PasswordLoginModule login
FINE: Inicio de sesión exitoso
nov. 30, 2020 5:06:07 P. M. com.tamargo.jaas.modelo.PasswordLoginModule login
WARNING: Intento de inicio de sesión fallido. Usuario incorrecto
nov. 30, 2020 5:06:11 P. M. com.tamargo.jaas.modelo.PasswordLoginModule login
FINE: Inicio de sesión exitoso
nov. 30, 2020 5:06:13 P. M. com.tamargo.servicio.HiloServidor run
INFO: El cliente se ha desconectado o ha rechazado la conexión. Error: invalid type code: 00
nov. 30, 2020 5:19:02 P. M. com.tamargo.servicio.HiloServidor run
INFO: El cliente se ha desconectado o ha rechazado la conexión. Error: Connection reset
nov. 30, 2020 5:19:33 P. M. com.tamargo.jaas.modelo.PasswordLoginModule login
FINE: Inicio de sesión exitoso
nov. 30, 2020 5:19:59 P. M. com.tamargo.jaas.modelo.PasswordLoginModule login
FINE: Inicio de sesión exitoso
nov. 30, 2020 5:20:02 P. M. com.tamargo.servicio.HiloServidor run
INFO: El cliente se ha desconectado o ha rechazado la conexión. Error: invalid type code: 00
nov. 30, 2020 5:22:01 P. M. com.tamargo.jaas.modelo.PasswordLoginModule login
FINE: Inicio de sesión exitoso
nov. 30, 2020 5:34:03 P. M. com.tamargo.ventanas.Cliente <init>
SEVERE: Error con el servicio del cliente. Error: Connection refused: connect
nov. 30, 2020 5:34:18 P. M. com.tamargo.jaas.modelo.PasswordLoginModule login
FINE: Inicio de sesión exitoso
nov. 30, 2020 5:34:19 P. M. com.tamargo.jaas.modelo.PasswordLoginModule login
WARNING: Intento de inicio de sesión fallido. Contraseña incorrecta
nov. 30, 2020 5:34:21 P. M. com.tamargo.jaas.modelo.PasswordLoginModule login
FINE: Inicio de sesión exitoso
nov. 30, 2020 5:34:45 P. M. com.tamargo.jaas.modelo.PasswordLoginModule login
FINE: Inicio de sesión exitoso
nov. 30, 2020 5:34:46 P. M. com.tamargo.jaas.modelo.PasswordLoginModule login
FINE: Inicio de sesión exitoso
nov. 30, 2020 5:34:46 P. M. com.tamargo.jaas.modelo.PasswordLoginModule login
FINE: Inicio de sesión exitoso
nov. 30, 2020 5:34:46 P. M. com.tamargo.jaas.modelo.PasswordLoginModule login
FINE: Inicio de sesión exitoso
nov. 30, 2020 5:34:46 P. M. com.tamargo.jaas.modelo.PasswordLoginModule login
FINE: Inicio de sesión exitoso
nov. 30, 2020 5:34:48 P. M. com.tamargo.jaas.modelo.PasswordLoginModule login
WARNING: Intento de inicio de sesión fallido. Contraseña incorrecta
nov. 30, 2020 5:34:50 P. M. com.tamargo.jaas.modelo.PasswordLoginModule login
WARNING: Intento de inicio de sesión fallido. Contraseña incorrecta
nov. 30, 2020 5:35:07 P. M. com.tamargo.servicio.HiloServidor run
INFO: El cliente se ha desconectado o ha rechazado la conexión. Error: Connection reset
nov. 30, 2020 5:35:17 P. M. com.tamargo.jaas.modelo.PasswordLoginModule login
FINE: Inicio de sesión exitoso
nov. 30, 2020 5:35:21 P. M. com.tamargo.jaas.modelo.PasswordLoginModule login
WARNING: Intento de inicio de sesión fallido. Contraseña incorrecta
nov. 30, 2020 5:35:47 P. M. com.tamargo.jaas.modelo.PasswordLoginModule login
WARNING: Intento de inicio de sesión fallido. Usuario incorrecto
nov. 30, 2020 5:38:44 P. M. com.tamargo.jaas.modelo.PasswordLoginModule login
WARNING: Intento de inicio de sesión fallido. Contraseña incorrecta
nov. 30, 2020 5:38:45 P. M. com.tamargo.jaas.modelo.PasswordLoginModule login
FINE: Inicio de sesión exitoso
nov. 30, 2020 5:39:01 P. M. com.tamargo.jaas.modelo.PasswordLoginModule login
FINE: Inicio de sesión exitoso
nov. 30, 2020 5:39:02 P. M. com.tamargo.jaas.modelo.PasswordLoginModule login
WARNING: Intento de inicio de sesión fallido. Contraseña incorrecta
nov. 30, 2020 8:28:35 P. M. com.tamargo.servicio.Servidor lanzarServidor
SEVERE: Error al inicializar el servidor. Error: java.security.NoSuchAlgorithmException: Error constructing implementation (algorithm: Default, provider: SunJSSE, class: sun.security.ssl.SSLContextImpl$DefaultSSLContext)
nov. 30, 2020 8:29:12 P. M. com.tamargo.jaas.modelo.PasswordLoginModule login
FINE: Inicio de sesión exitoso
nov. 30, 2020 8:29:14 P. M. com.tamargo.jaas.modelo.PasswordLoginModule login
WARNING: Intento de inicio de sesión fallido. Contraseña incorrecta
nov. 30, 2020 8:31:42 P. M. com.tamargo.jaas.modelo.PasswordLoginModule login
WARNING: Intento de inicio de sesión fallido. Contraseña incorrecta
nov. 30, 2020 8:31:51 P. M. com.tamargo.jaas.modelo.PasswordLoginModule login
FINE: Inicio de sesión exitoso
nov. 30, 2020 8:31:52 P. M. com.tamargo.jaas.modelo.PasswordLoginModule login
WARNING: Intento de inicio de sesión fallido. Contraseña incorrecta
nov. 30, 2020 8:31:55 P. M. com.tamargo.jaas.modelo.PasswordLoginModule login
WARNING: Intento de inicio de sesión fallido. Usuario incorrecto
nov. 30, 2020 8:45:50 P. M. com.tamargo.servicio.HiloServidor run
INFO: El cliente se ha desconectado o ha rechazado la conexión. Error: Connection reset
nov. 30, 2020 8:46:30 P. M. com.tamargo.servicio.HiloServidor run
INFO: El cliente se ha desconectado o ha rechazado la conexión. Error: Connection reset
nov. 30, 2020 8:46:38 P. M. com.tamargo.jaas.modelo.PasswordLoginModule login
WARNING: Intento de inicio de sesión fallido. Usuario incorrecto
nov. 30, 2020 8:46:42 P. M. com.tamargo.jaas.modelo.PasswordLoginModule login
FINE: Inicio de sesión exitoso
nov. 30, 2020 8:47:48 P. M. com.tamargo.servicio.HiloServidor run
INFO: El cliente se ha desconectado o ha rechazado la conexión. Error: Connection reset
nov. 30, 2020 8:47:56 P. M. com.tamargo.jaas.modelo.PasswordLoginModule login
FINE: Inicio de sesión exitoso
nov. 30, 2020 8:48:09 P. M. com.tamargo.servicio.HiloServidor run
INFO: El cliente se ha desconectado o ha rechazado la conexión. Error: Connection reset
nov. 30, 2020 8:48:16 P. M. com.tamargo.jaas.modelo.PasswordLoginModule login
FINE: Inicio de sesión exitoso
nov. 30, 2020 8:49:36 P. M. com.tamargo.servicio.HiloServidor run
INFO: El cliente se ha desconectado o ha rechazado la conexión. Error: Connection reset
nov. 30, 2020 8:50:04 P. M. com.tamargo.jaas.modelo.PasswordLoginModule login
FINE: Inicio de sesión exitoso
nov. 30, 2020 8:50:23 P. M. com.tamargo.servicio.HiloServidor run
INFO: El cliente se ha desconectado o ha rechazado la conexión. Error: Connection reset
nov. 30, 2020 8:50:30 P. M. com.tamargo.jaas.modelo.PasswordLoginModule login
FINE: Inicio de sesión exitoso
nov. 30, 2020 8:53:49 P. M. com.tamargo.servicio.HiloServidor run
INFO: El cliente se ha desconectado o ha rechazado la conexión. Error: Connection reset
nov. 30, 2020 8:53:54 P. M. com.tamargo.jaas.modelo.PasswordLoginModule login
FINE: Inicio de sesión exitoso
nov. 30, 2020 8:54:12 P. M. com.tamargo.servicio.HiloServidor run
INFO: El cliente se ha desconectado o ha rechazado la conexión. Error: Connection reset
nov. 30, 2020 8:54:17 P. M. com.tamargo.jaas.modelo.PasswordLoginModule login
FINE: Inicio de sesión exitoso
nov. 30, 2020 9:03:23 P. M. com.tamargo.jaas.modelo.PasswordLoginModule login
FINE: Inicio de sesión exitoso
nov. 30, 2020 9:07:48 P. M. com.tamargo.jaas.modelo.PasswordLoginModule login
FINE: Inicio de sesión exitoso
nov. 30, 2020 9:17:11 P. M. com.tamargo.jaas.modelo.PasswordLoginModule login
FINE: Inicio de sesión exitoso
nov. 30, 2020 9:17:43 P. M. com.tamargo.servicio.HiloServidor run
INFO: El cliente se ha desconectado o ha rechazado la conexión. Error: Connection reset
nov. 30, 2020 9:17:47 P. M. com.tamargo.ventanas.Cliente <init>
SEVERE: Error con el servicio del cliente. Error: Connection reset
nov. 30, 2020 9:17:54 P. M. com.tamargo.jaas.modelo.PasswordLoginModule login
FINE: Inicio de sesión exitoso
nov. 30, 2020 9:18:12 P. M. com.tamargo.servicio.HiloServidor run
INFO: El cliente se ha desconectado o ha rechazado la conexión. Error: Connection reset
nov. 30, 2020 9:18:17 P. M. com.tamargo.jaas.modelo.PasswordLoginModule login
FINE: Inicio de sesión exitoso
nov. 30, 2020 9:26:06 P. M. com.tamargo.jaas.modelo.PasswordLoginModule login
FINE: Inicio de sesión exitoso
nov. 30, 2020 9:26:20 P. M. com.tamargo.servicio.HiloServidor run
INFO: El cliente se ha desconectado o ha rechazado la conexión. Error: Connection reset
nov. 30, 2020 9:26:25 P. M. com.tamargo.jaas.modelo.PasswordLoginModule login
FINE: Inicio de sesión exitoso
nov. 30, 2020 9:26:53 P. M. com.tamargo.servicio.HiloServidor run
INFO: El cliente se ha desconectado o ha rechazado la conexión. Error: Connection reset
nov. 30, 2020 9:26:57 P. M. com.tamargo.servicio.HiloServidor run
INFO: El cliente se ha desconectado o ha rechazado la conexión. Error: Connection reset
nov. 30, 2020 9:27:02 P. M. com.tamargo.jaas.modelo.PasswordLoginModule login
FINE: Inicio de sesión exitoso
nov. 30, 2020 9:30:01 P. M. com.tamargo.servicio.HiloServidor run
INFO: El cliente se ha desconectado o ha rechazado la conexión. Error: Connection reset
nov. 30, 2020 9:30:06 P. M. com.tamargo.jaas.modelo.PasswordLoginModule login
FINE: Inicio de sesión exitoso
nov. 30, 2020 9:32:13 P. M. com.tamargo.servicio.HiloServidor run
INFO: El cliente se ha desconectado o ha rechazado la conexión. Error: Connection reset
nov. 30, 2020 9:32:34 P. M. com.tamargo.jaas.modelo.PasswordLoginModule login
FINE: Inicio de sesión exitoso
nov. 30, 2020 9:35:43 P. M. com.tamargo.jaas.modelo.PasswordLoginModule login
FINE: Inicio de sesión exitoso
nov. 30, 2020 9:36:15 P. M. com.tamargo.jaas.modelo.PasswordLoginModule login
FINE: Inicio de sesión exitoso
nov. 30, 2020 9:36:33 P. M. com.tamargo.jaas.modelo.PasswordLoginModule login
FINE: Inicio de sesión exitoso
nov. 30, 2020 9:40:09 P. M. com.tamargo.servicio.HiloServidor run
INFO: El cliente se ha desconectado o ha rechazado la conexión. Error: Connection reset
nov. 30, 2020 9:40:13 P. M. com.tamargo.jaas.modelo.PasswordLoginModule login
FINE: Inicio de sesión exitoso
nov. 30, 2020 9:40:46 P. M. com.tamargo.servicio.HiloServidor run
INFO: El cliente se ha desconectado o ha rechazado la conexión. Error: Connection reset
nov. 30, 2020 9:40:51 P. M. com.tamargo.jaas.modelo.PasswordLoginModule login
FINE: Inicio de sesión exitoso
nov. 30, 2020 9:41:04 P. M. com.tamargo.jaas.modelo.PasswordLoginModule login
FINE: Inicio de sesión exitoso
nov. 30, 2020 9:41:56 P. M. com.tamargo.jaas.modelo.PasswordLoginModule login
FINE: Inicio de sesión exitoso
nov. 30, 2020 9:42:08 P. M. com.tamargo.servicio.HiloServidor run
INFO: El cliente se ha desconectado o ha rechazado la conexión. Error: Connection reset
nov. 30, 2020 9:42:12 P. M. com.tamargo.jaas.modelo.PasswordLoginModule login
FINE: Inicio de sesión exitoso
nov. 30, 2020 9:43:24 P. M. com.tamargo.jaas.modelo.PasswordLoginModule login
FINE: Inicio de sesión exitoso
nov. 30, 2020 9:43:55 P. M. com.tamargo.jaas.modelo.PasswordLoginModule login
FINE: Inicio de sesión exitoso
nov. 30, 2020 9:44:09 P. M. com.tamargo.jaas.modelo.PasswordLoginModule login
FINE: Inicio de sesión exitoso
nov. 30, 2020 9:44:28 P. M. com.tamargo.servicio.HiloServidor run
INFO: El cliente se ha desconectado o ha rechazado la conexión. Error: Connection reset
nov. 30, 2020 9:44:33 P. M. com.tamargo.jaas.modelo.PasswordLoginModule login
FINE: Inicio de sesión exitoso
nov. 30, 2020 9:44:46 P. M. com.tamargo.jaas.modelo.PasswordLoginModule login
FINE: Inicio de sesión exitoso
nov. 30, 2020 9:44:55 P. M. com.tamargo.servicio.HiloServidor run
INFO: El cliente se ha desconectado o ha rechazado la conexión. Error: Connection reset
nov. 30, 2020 9:44:59 P. M. com.tamargo.jaas.modelo.PasswordLoginModule login
FINE: Inicio de sesión exitoso
nov. 30, 2020 9:45:07 P. M. com.tamargo.jaas.modelo.PasswordLoginModule login
FINE: Inicio de sesión exitoso
nov. 30, 2020 9:45:37 P. M. com.tamargo.jaas.modelo.PasswordLoginModule login
FINE: Inicio de sesión exitoso
