dic. 04, 2020 9:51:23 P. M. com.tamargo.jaas.modelo.PasswordLoginModule login
WARNING: Intento de inicio de sesión fallido. Contraseña incorrecta
dic. 04, 2020 9:51:26 P. M. com.tamargo.jaas.modelo.PasswordLoginModule login
FINE: Inicio de sesión exitoso
dic. 04, 2020 9:51:28 P. M. com.tamargo.servicio.HiloServidor run
FINE: Comenzando una nueva partida con el usuario testregistro
dic. 04, 2020 9:51:34 P. M. com.tamargo.servicio.HiloServidor run
FINE: Comenzando una nueva partida con el usuario testregistro
dic. 04, 2020 9:51:45 P. M. com.tamargo.datos.EscribirFicheros modificarPuntuacionUsuario
FINE: Error al editar la puntuación del usuario -> testregistro
dic. 04, 2020 9:51:48 P. M. com.tamargo.servicio.HiloServidor run
FINE: Comenzando una nueva partida con el usuario testregistro
dic. 04, 2020 9:51:57 P. M. com.tamargo.datos.EscribirFicheros modificarPuntuacionUsuario
FINE: Error al editar la puntuación del usuario -> testregistro
dic. 04, 2020 9:52:01 P. M. com.tamargo.servicio.HiloServidor run
FINE: Comenzando una nueva partida con el usuario testregistro
dic. 04, 2020 9:52:13 P. M. com.tamargo.servicio.HiloServidor run
FINE: Comenzando una nueva partida con el usuario testregistro
dic. 04, 2020 9:52:31 P. M. com.tamargo.datos.EscribirFicheros modificarPuntuacionUsuario
FINE: Error al editar la puntuación del usuario -> testregistro
dic. 04, 2020 9:52:38 P. M. com.tamargo.servicio.HiloServidor run
FINE: Comenzando una nueva partida con el usuario testregistro
dic. 04, 2020 9:52:55 P. M. com.tamargo.datos.EscribirFicheros modificarPuntuacionUsuario
FINE: Error al editar la puntuación del usuario -> testregistro
dic. 04, 2020 9:53:00 P. M. com.tamargo.servicio.HiloServidor run
FINE: Comenzando una nueva partida con el usuario testregistro
dic. 04, 2020 9:53:19 P. M. com.tamargo.datos.EscribirFicheros modificarPuntuacionUsuario
FINE: Error al editar la puntuación del usuario -> testregistro
dic. 04, 2020 9:54:01 P. M. com.tamargo.servicio.HiloServidor run
FINE: Comenzando una nueva partida con el usuario testregistro
dic. 04, 2020 9:54:26 P. M. com.tamargo.datos.EscribirFicheros modificarPuntuacionUsuario
FINE: Error al editar la puntuación del usuario -> testregistro
dic. 04, 2020 9:55:14 P. M. com.tamargo.servicio.HiloServidor run
FINE: Comenzando una nueva partida con el usuario testregistro
dic. 04, 2020 9:55:19 P. M. com.tamargo.servicio.HiloServidor run
FINE: Comenzando una nueva partida con el usuario testregistro
dic. 04, 2020 9:55:24 P. M. com.tamargo.servicio.HiloServidor run
INFO: El cliente se ha desconectado o ha rechazado la conexión. Error: Connection reset
dic. 04, 2020 9:56:36 P. M. com.tamargo.jaas.modelo.PasswordLoginModule login
FINE: Inicio de sesión exitoso
dic. 04, 2020 9:56:39 P. M. com.tamargo.servicio.HiloServidor run
FINE: Comenzando una nueva partida con el usuario TESTREGISTRO
dic. 04, 2020 9:57:40 P. M. com.tamargo.jaas.modelo.PasswordLoginModule login
FINE: Inicio de sesión exitoso
dic. 04, 2020 9:57:54 P. M. com.tamargo.jaas.modelo.PasswordLoginModule login
FINE: Inicio de sesión exitoso
dic. 04, 2020 9:59:18 P. M. com.tamargo.jaas.modelo.PasswordLoginModule login
FINE: Inicio de sesión exitoso
dic. 04, 2020 9:59:26 P. M. com.tamargo.jaas.modelo.PasswordLoginModule login
FINE: Inicio de sesión exitoso
dic. 04, 2020 9:59:53 P. M. com.tamargo.servicio.HiloServidor run
INFO: El cliente se ha desconectado o ha rechazado la conexión. Error: Connection reset
dic. 04, 2020 9:59:57 P. M. com.tamargo.jaas.modelo.PasswordLoginModule login
FINE: Inicio de sesión exitoso
dic. 04, 2020 10:00:49 P. M. com.tamargo.servicio.HiloServidor run
INFO: El cliente se ha desconectado o ha rechazado la conexión. Error: Connection reset
dic. 04, 2020 10:00:53 P. M. com.tamargo.jaas.modelo.PasswordLoginModule login
FINE: Inicio de sesión exitoso
dic. 04, 2020 10:00:59 P. M. com.tamargo.jaas.modelo.PasswordLoginModule login
FINE: Inicio de sesión exitoso
dic. 04, 2020 10:01:08 P. M. com.tamargo.jaas.modelo.PasswordLoginModule login
FINE: Inicio de sesión exitoso
dic. 04, 2020 10:02:05 P. M. com.tamargo.servicio.HiloServidor run
FINE: Comenzando una nueva partida con el usuario test
dic. 04, 2020 10:02:50 P. M. com.tamargo.datos.EscribirFicheros modificarPuntuacionUsuario
FINE: Error al editar la puntuación del usuario -> test
dic. 04, 2020 10:02:53 P. M. com.tamargo.servicio.HiloServidor run
FINE: Comenzando una nueva partida con el usuario test
dic. 04, 2020 10:03:05 P. M. com.tamargo.datos.EscribirFicheros modificarPuntuacionUsuario
FINE: Error al editar la puntuación del usuario -> test
dic. 04, 2020 10:03:09 P. M. com.tamargo.servicio.HiloServidor run
FINE: Comenzando una nueva partida con el usuario test
dic. 04, 2020 10:04:05 P. M. com.tamargo.jaas.modelo.PasswordLoginModule login
FINE: Inicio de sesión exitoso
dic. 04, 2020 10:04:06 P. M. com.tamargo.servicio.HiloServidor run
FINE: Comenzando una nueva partida con el usuario test
dic. 04, 2020 10:04:10 P. M. com.tamargo.datos.EscribirFicheros modificarPuntuacionUsuario
FINE: Error al editar la puntuación del usuario -> test
dic. 04, 2020 10:04:12 P. M. com.tamargo.servicio.HiloServidor run
FINE: Comenzando una nueva partida con el usuario test
dic. 04, 2020 10:04:14 P. M. com.tamargo.datos.EscribirFicheros modificarPuntuacionUsuario
FINE: Error al editar la puntuación del usuario -> test
dic. 04, 2020 10:04:49 P. M. com.tamargo.jaas.modelo.PasswordLoginModule login
FINE: Inicio de sesión exitoso
dic. 04, 2020 10:04:50 P. M. com.tamargo.servicio.HiloServidor run
FINE: Comenzando una nueva partida con el usuario test
dic. 04, 2020 10:04:55 P. M. com.tamargo.servicio.HiloServidor run
FINE: Comenzando una nueva partida con el usuario test
dic. 04, 2020 10:05:03 P. M. com.tamargo.datos.EscribirFicheros modificarPuntuacionUsuario
FINE: Error al editar la puntuación del usuario -> test
dic. 04, 2020 10:05:04 P. M. com.tamargo.servicio.HiloServidor run
FINE: Comenzando una nueva partida con el usuario test
dic. 04, 2020 10:05:12 P. M. com.tamargo.datos.EscribirFicheros modificarPuntuacionUsuario
FINE: Error al editar la puntuación del usuario -> test
dic. 04, 2020 10:06:07 P. M. com.tamargo.jaas.modelo.PasswordLoginModule login
FINE: Inicio de sesión exitoso
dic. 04, 2020 10:06:09 P. M. com.tamargo.servicio.HiloServidor run
FINE: Comenzando una nueva partida con el usuario test
dic. 04, 2020 10:06:13 P. M. com.tamargo.datos.EscribirFicheros modificarPuntuacionUsuario
FINE: Error al editar la puntuación del usuario -> test
dic. 04, 2020 10:06:14 P. M. com.tamargo.servicio.HiloServidor run
FINE: Comenzando una nueva partida con el usuario test
dic. 04, 2020 10:06:20 P. M. com.tamargo.servicio.HiloServidor run
FINE: Comenzando una nueva partida con el usuario test
dic. 04, 2020 10:06:29 P. M. com.tamargo.servicio.HiloServidor run
FINE: Comenzando una nueva partida con el usuario test
dic. 04, 2020 10:06:36 P. M. com.tamargo.datos.EscribirFicheros modificarPuntuacionUsuario
FINE: Error al editar la puntuación del usuario -> test
dic. 04, 2020 10:06:38 P. M. com.tamargo.servicio.HiloServidor run
FINE: Comenzando una nueva partida con el usuario test
dic. 04, 2020 10:06:50 P. M. com.tamargo.servicio.HiloServidor run
FINE: Comenzando una nueva partida con el usuario test
dic. 04, 2020 10:07:04 P. M. com.tamargo.datos.EscribirFicheros modificarPuntuacionUsuario
FINE: Error al editar la puntuación del usuario -> test
dic. 04, 2020 10:07:07 P. M. com.tamargo.servicio.HiloServidor run
FINE: Comenzando una nueva partida con el usuario test
dic. 04, 2020 10:07:55 P. M. com.tamargo.jaas.modelo.PasswordLoginModule login
FINE: Inicio de sesión exitoso
dic. 04, 2020 10:07:55 P. M. com.tamargo.servicio.HiloServidor run
FINE: Mandando logs al administrador loggeado -> admin
dic. 04, 2020 10:08:41 P. M. com.tamargo.jaas.modelo.PasswordLoginModule login
FINE: Inicio de sesión exitoso
dic. 04, 2020 10:09:21 P. M. com.tamargo.jaas.modelo.PasswordLoginModule login
FINE: Inicio de sesión exitoso
dic. 04, 2020 10:09:29 P. M. com.tamargo.jaas.modelo.PasswordLoginModule login
FINE: Inicio de sesión exitoso
dic. 04, 2020 10:09:32 P. M. com.tamargo.servicio.HiloServidor run
FINE: Comenzando una nueva partida con el usuario dani
dic. 04, 2020 10:09:40 P. M. com.tamargo.servicio.HiloServidor run
FINE: Comenzando una nueva partida con el usuario irune
dic. 04, 2020 10:09:53 P. M. com.tamargo.datos.EscribirFicheros modificarPuntuacionUsuario
FINE: Error al editar la puntuación del usuario -> irune
